<?xml version="1.0" encoding="UTF-8"?>
<testng-results ignored="10" total="11" passed="1" failed="0" skipped="0">
  <reporter-output>
  </reporter-output>
  <suite started-at="2023-03-01T20:57:37 IST" name="Default suite" finished-at="2023-03-01T20:57:46 IST" duration-ms="9228">
    <groups>
    </groups>
    <test started-at="2023-03-01T20:57:37 IST" name="Default test" finished-at="2023-03-01T20:57:46 IST" duration-ms="9228">
      <class name="com.obsqura.TestNGProject.WebElementCommands">
        <test-method is-config="true" signature="initialiseBrowser()[pri:0, instance:com.obsqura.TestNGProject.WebElementCommands@1139b2f3]" started-at="2023-03-01T20:57:37 IST" name="initialiseBrowser" finished-at="2023-03-01T20:57:45 IST" duration-ms="8059" status="PASS">
          <reporter-output>
          </reporter-output>
        </test-method> <!-- initialiseBrowser -->
        <test-method signature="verifyAlligmentOfGettotalButtonAndTexboxValueB()[pri:0, instance:com.obsqura.TestNGProject.WebElementCommands@1139b2f3]" started-at="2023-03-01T20:57:45 IST" name="verifyAlligmentOfGettotalButtonAndTexboxValueB" finished-at="2023-03-01T20:57:46 IST" duration-ms="169" status="PASS">
          <reporter-output>
          </reporter-output>
        </test-method> <!-- verifyAlligmentOfGettotalButtonAndTexboxValueB -->
        <test-method is-config="true" signature="afterTest()[pri:0, instance:com.obsqura.TestNGProject.WebElementCommands@1139b2f3]" started-at="2023-03-01T20:57:46 IST" name="afterTest" finished-at="2023-03-01T20:57:46 IST" duration-ms="907" status="PASS">
          <reporter-output>
          </reporter-output>
        </test-method> <!-- afterTest -->
      </class> <!-- com.obsqura.TestNGProject.WebElementCommands -->
    </test> <!-- Default test -->
  </suite> <!-- Default suite -->
</testng-results>
