<?xml version="1.0" encoding="UTF-8"?>
<testng-results ignored="0" total="1" passed="1" failed="0" skipped="0">
  <reporter-output>
  </reporter-output>
  <suite started-at="2023-03-03T08:09:30 IST" name="Default suite" finished-at="2023-03-03T08:09:40 IST" duration-ms="10306">
    <groups>
    </groups>
    <test started-at="2023-03-03T08:09:30 IST" name="Default test" finished-at="2023-03-03T08:09:40 IST" duration-ms="10306">
      <class name="com.obsqura.TestNGProject.CheckBox">
        <test-method is-config="true" signature="initialiseBrowser()[pri:0, instance:com.obsqura.TestNGProject.CheckBox@7e0b85f9]" started-at="2023-03-03T08:09:30 IST" name="initialiseBrowser" finished-at="2023-03-03T08:09:38 IST" duration-ms="8127" status="PASS">
          <reporter-output>
          </reporter-output>
        </test-method> <!-- initialiseBrowser -->
        <test-method signature="checkBoxDemo()[pri:0, instance:com.obsqura.TestNGProject.CheckBox@7e0b85f9]" started-at="2023-03-03T08:09:38 IST" name="checkBoxDemo" finished-at="2023-03-03T08:09:39 IST" duration-ms="840" status="PASS">
          <reporter-output>
          </reporter-output>
        </test-method> <!-- checkBoxDemo -->
        <test-method is-config="true" signature="afterTest()[pri:0, instance:com.obsqura.TestNGProject.CheckBox@7e0b85f9]" started-at="2023-03-03T08:09:39 IST" name="afterTest" finished-at="2023-03-03T08:09:40 IST" duration-ms="1181" status="PASS">
          <reporter-output>
          </reporter-output>
        </test-method> <!-- afterTest -->
      </class> <!-- com.obsqura.TestNGProject.CheckBox -->
    </test> <!-- Default test -->
  </suite> <!-- Default suite -->
</testng-results>
