<?xml version="1.0" encoding="UTF-8"?>
<!-- Generated by org.testng.reporters.JUnitXMLReporter -->
<testsuite ignored="10" hostname="DESKTOP-7G633CK" failures="0" tests="1" name="Default test" time="9.228" errors="0" timestamp="2023-03-01T20:57:46 IST">
  <testcase classname="com.obsqura.TestNGProject.WebElementCommands" name="verifyAlligmentOfGettotalButtonAndTexboxValueB" time="0.169"/>
  <testcase classname="com.obsqura.TestNGProject.WebElementCommands" name="twoInputField" time="0.0">
    <ignored/>
  </testcase> <!-- twoInputField -->
  <testcase classname="com.obsqura.TestNGProject.WebElementCommands" name="showButton" time="0.0">
    <ignored/>
  </testcase> <!-- showButton -->
  <testcase classname="com.obsqura.TestNGProject.WebElementCommands" name="backgroundColorGetTotalButton" time="0.0">
    <ignored/>
  </testcase> <!-- backgroundColorGetTotalButton -->
  <testcase classname="com.obsqura.TestNGProject.WebElementCommands" name="fontweight" time="0.0">
    <ignored/>
  </testcase> <!-- fontweight -->
  <testcase classname="com.obsqura.TestNGProject.WebElementCommands" name="sendKeys" time="0.0">
    <ignored/>
  </testcase> <!-- sendKeys -->
  <testcase classname="com.obsqura.TestNGProject.WebElementCommands" name="inputField" time="0.0">
    <ignored/>
  </testcase> <!-- inputField -->
  <testcase classname="com.obsqura.TestNGProject.WebElementCommands" name="singleInputField" time="0.0">
    <ignored/>
  </testcase> <!-- singleInputField -->
  <testcase classname="com.obsqura.TestNGProject.WebElementCommands" name="shoeMessageShape" time="0.0">
    <ignored/>
  </testcase> <!-- shoeMessageShape -->
  <testcase classname="com.obsqura.TestNGProject.WebElementCommands" name="fontColor" time="0.0">
    <ignored/>
  </testcase> <!-- fontColor -->
  <testcase classname="com.obsqura.TestNGProject.WebElementCommands" name="sendKeysObsqura" time="0.0">
    <ignored/>
  </testcase> <!-- sendKeysObsqura -->
</testsuite> <!-- Default test -->
